Using pre-set license
Built from '2020.3/release' branch; Version is '2020.3.15f2 (6cf78cb77498) revision 7141260'; Using compiler version '192528614'; Build Type 'Release'
OS: 'Windows 10 Home; OS build 19041.1110; Version 2004; 64bit' Language: 'en' Physical Memory: 16268 MB
BatchMode: 1, IsHumanControllingUs: 0, StartBugReporterOnCrash: 0, Is64bit: 1, IsPro: 0

 COMMAND LINE ARGUMENTS:
C:\Program Files\Unity\Hub\Editor\2020.3.15f2\Editor\Unity.exe
-adb2
-batchMode
-noUpm
-name
AssetImportWorker0
-projectPath
C:/Users/Owen/Documents/GitHub/Peepeepoopoo/Peepeepoopoo
-logFile
Logs/AssetImportWorker0.log
-srvPort
64740
Successfully changed project path to: C:/Users/Owen/Documents/GitHub/Peepeepoopoo/Peepeepoopoo
C:/Users/Owen/Documents/GitHub/Peepeepoopoo/Peepeepoopoo
Using Asset Import Pipeline V2.
Refreshing native plugins compatible for Editor in 51.63 ms, found 3 plugins.
Preloading 0 native plugins for Editor in 0.00 ms.
Initialize engine version: 2020.3.15f2 (6cf78cb77498)
[Subsystems] Discovering subsystems at path C:/Program Files/Unity/Hub/Editor/2020.3.15f2/Editor/Data/Resources/UnitySubsystems
[Subsystems] Discovering subsystems at path C:/Users/Owen/Documents/GitHub/Peepeepoopoo/Peepeepoopoo/Assets
GfxDevice: creating device client; threaded=0
Direct3D:
    Version:  Direct3D 11.0 [level 11.1]
    Renderer: NVIDIA GeForce GTX 1050 (ID=0x1c8d)
    Vendor:   
    VRAM:     4021 MB
    Driver:   30.0.14.7111
Initialize mono
Mono path[0] = 'C:/Program Files/Unity/Hub/Editor/2020.3.15f2/Editor/Data/Managed'
Mono path[1] = 'C:/Program Files/Unity/Hub/Editor/2020.3.15f2/Editor/Data/MonoBleedingEdge/lib/mono/unityjit'
Mono config path = 'C:/Program Files/Unity/Hub/Editor/2020.3.15f2/Editor/Data/MonoBleedingEdge/etc'
Using monoOptions --debugger-agent=transport=dt_socket,embedding=1,server=y,suspend=n,address=127.0.0.1:56464
Begin MonoManager ReloadAssembly
Registering precompiled unity dll's ...
Register platform support module: C:/Program Files/Unity/Hub/Editor/2020.3.15f2/Editor/Data/PlaybackEngines/WebGLSupport/UnityEditor.WebGL.Extensions.dll
Register platform support module: C:/Program Files/Unity/Hub/Editor/2020.3.15f2/Editor/Data/PlaybackEngines/MacStandaloneSupport/UnityEditor.OSXStandalone.Extensions.dll
Register platform support module: C:/Program Files/Unity/Hub/Editor/2020.3.15f2/Editor/Data/PlaybackEngines/WindowsStandaloneSupport/UnityEditor.WindowsStandalone.Extensions.dll
Registered in 0.003700 seconds.
Native extension for WindowsStandalone target not found
Native extension for OSXStandalone target not found
Native extension for WebGL target not found
Refreshing native plugins compatible for Editor in 48.51 ms, found 3 plugins.
Preloading 0 native plugins for Editor in 0.00 ms.
Mono: successfully reloaded assembly
- Completed reload, in  1.383 seconds
Domain Reload Profiling:
	ReloadAssembly (1383ms)
		BeginReloadAssembly (68ms)
			ExecutionOrderSort (0ms)
			DisableScriptedObjects (0ms)
			BackupInstance (0ms)
			ReleaseScriptingObjects (0ms)
			CreateAndSetChildDomain (2ms)
		EndReloadAssembly (523ms)
			LoadAssemblies (65ms)
			RebuildTransferFunctionScriptingTraits (0ms)
			SetupTypeCache (203ms)
			ReleaseScriptCaches (0ms)
			RebuildScriptCaches (39ms)
			SetupLoadedEditorAssemblies (194ms)
				LogAssemblyErrors (0ms)
				InitializePlatformSupportModulesInManaged (7ms)
				SetLoadedEditorAssemblies (0ms)
				RefreshPlugins (49ms)
				BeforeProcessingInitializeOnLoad (17ms)
				ProcessInitializeOnLoadAttributes (91ms)
				ProcessInitializeOnLoadMethodAttributes (31ms)
				AfterProcessingInitializeOnLoad (0ms)
				EditorAssembliesLoaded (0ms)
			ExecutionOrderSort2 (0ms)
			AwakeInstancesAfterBackupRestoration (0ms)
Platform modules already initialized, skipping
Registering precompiled user dll's ...
Registered in 0.005130 seconds.
Begin MonoManager ReloadAssembly
Native extension for WindowsStandalone target not found
Native extension for OSXStandalone target not found
Native extension for WebGL target not found
Refreshing native plugins compatible for Editor in 47.50 ms, found 3 plugins.
Preloading 0 native plugins for Editor in 0.00 ms.
Mono: successfully reloaded assembly
- Completed reload, in  1.494 seconds
Domain Reload Profiling:
	ReloadAssembly (1495ms)
		BeginReloadAssembly (175ms)
			ExecutionOrderSort (0ms)
			DisableScriptedObjects (5ms)
			BackupInstance (0ms)
			ReleaseScriptingObjects (0ms)
			CreateAndSetChildDomain (21ms)
		EndReloadAssembly (1248ms)
			LoadAssemblies (101ms)
			RebuildTransferFunctionScriptingTraits (0ms)
			SetupTypeCache (379ms)
			ReleaseScriptCaches (1ms)
			RebuildScriptCaches (63ms)
			SetupLoadedEditorAssemblies (518ms)
				LogAssemblyErrors (0ms)
				InitializePlatformSupportModulesInManaged (7ms)
				SetLoadedEditorAssemblies (0ms)
				RefreshPlugins (48ms)
				BeforeProcessingInitializeOnLoad (112ms)
				ProcessInitializeOnLoadAttributes (327ms)
				ProcessInitializeOnLoadMethodAttributes (15ms)
				AfterProcessingInitializeOnLoad (9ms)
				EditorAssembliesLoaded (0ms)
			ExecutionOrderSort2 (0ms)
			AwakeInstancesAfterBackupRestoration (9ms)
Platform modules already initialized, skipping
========================================================================
Worker process is ready to serve import requests
Launched and connected shader compiler UnityShaderCompiler.exe after 0.11 seconds
Refreshing native plugins compatible for Editor in 0.74 ms, found 3 plugins.
Preloading 0 native plugins for Editor in 0.00 ms.
Unloading 2090 Unused Serialized files (Serialized files now loaded: 0)
System memory in use before: 93.1 MB.
System memory in use after: 93.0 MB.

Unloading 33 unused Assets to reduce memory usage. Loaded Objects now: 2523.
Total: 2.877200 ms (FindLiveObjects: 0.208600 ms CreateObjectMapping: 0.092500 ms MarkObjects: 2.421100 ms  DeleteObjects: 0.153500 ms)

AssetImportParameters requested are different than current active one (requested -> active):
  custom:framework-win-MediaFoundation: 216162199b28c13a410421893ffa2e32 -> 
  custom:video-decoder-ogg-theora: a1e56fd34408186e4bbccfd4996cb3dc -> 
  custom:container-muxer-webm: aa71ff27fc2769a1b78a27578f13a17b -> 
  custom:container-demuxer-webm: 4f35f7cbe854078d1ac9338744f61a02 -> 
  custom:container-demuxer-ogg: 62fdf1f143b41e24485cea50d1cbac27 -> 
  custom:video-encoder-webm-vp8: eb34c28f22e8b96e1ab97ce403110664 -> 
  custom:video-codec-MediaFoundation-h265: 746d11721c4dcdbdad8f713fa42b33f4 -> 
  custom:video-decoder-webm-vp8: 9c59270c3fd7afecdb556c50c9e8de78 -> 
  custom:audio-decoder-ogg-vorbis: bf7c407c2cedff20999df2af8eb42d56 -> 
  custom:audio-encoder-webm-vorbis: bf7c407c2cedff20999df2af8eb42d56 -> 
========================================================================
Received Import Request.
  path: Assets/Mud bender/Mud slide attack.png
  artifactKey: Guid(851615f97a0daf84c97bf48e119a60e0) Importer(815301076,1909f56bfc062723c751e8b465ee728b)
Start importing Assets/Mud bender/Mud slide attack.png using Guid(851615f97a0daf84c97bf48e119a60e0) Importer(815301076,1909f56bfc062723c751e8b465ee728b)  -> (artifact id: '88cec068c417cf9cd3dfd3a5bdd09ff0') in 0.142090 seconds 
  Import took 0.146607 seconds .

========================================================================
Received Import Request.
  Time since last request: 0.000329 seconds.
  path: Assets/Mud bender/Mud damaged and death.png
  artifactKey: Guid(fa7676d7c78774446b4d8e1fb17450e2) Importer(815301076,1909f56bfc062723c751e8b465ee728b)
Start importing Assets/Mud bender/Mud damaged and death.png using Guid(fa7676d7c78774446b4d8e1fb17450e2) Importer(815301076,1909f56bfc062723c751e8b465ee728b)  -> (artifact id: 'ffc10486729b1017bc49ee10620b64c3') in 0.020395 seconds 
  Import took 0.024833 seconds .

========================================================================
Received Import Request.
  Time since last request: 0.000281 seconds.
  path: Assets/Mud bender/Mud run.png
  artifactKey: Guid(0ee20de9711d34b4386d02c727025e63) Importer(815301076,1909f56bfc062723c751e8b465ee728b)
Start importing Assets/Mud bender/Mud run.png using Guid(0ee20de9711d34b4386d02c727025e63) Importer(815301076,1909f56bfc062723c751e8b465ee728b)  -> (artifact id: '1305fa562b836c50ce397120126ae229') in 0.020695 seconds 
  Import took 0.025237 seconds .

========================================================================
Received Import Request.
  Time since last request: 0.000256 seconds.
  path: Assets/Mud bender/Mud mud slap attack.png
  artifactKey: Guid(a5e14acb9a14870439daa922c889d3cf) Importer(815301076,1909f56bfc062723c751e8b465ee728b)
Start importing Assets/Mud bender/Mud mud slap attack.png using Guid(a5e14acb9a14870439daa922c889d3cf) Importer(815301076,1909f56bfc062723c751e8b465ee728b)  -> (artifact id: '292c48eaf1b61682ae0cda25cdd5bf86') in 0.024756 seconds 
  Import took 0.029340 seconds .

========================================================================
Received Import Request.
  Time since last request: 0.000260 seconds.
  path: Assets/Mud bender/Mud tele down.png
  artifactKey: Guid(9f277a24b5c29d54981bdc51addd8880) Importer(815301076,1909f56bfc062723c751e8b465ee728b)
Start importing Assets/Mud bender/Mud tele down.png using Guid(9f277a24b5c29d54981bdc51addd8880) Importer(815301076,1909f56bfc062723c751e8b465ee728b)  -> (artifact id: 'dae9ce31603ea3167a591548a51116a4') in 0.024547 seconds 
  Import took 0.028631 seconds .

========================================================================
Received Import Request.
  Time since last request: 0.000251 seconds.
  path: Assets/Mud bender/Mud tele UP.png
  artifactKey: Guid(be354e092ae8b9740a64ed1e7fa4d9f3) Importer(815301076,1909f56bfc062723c751e8b465ee728b)
Start importing Assets/Mud bender/Mud tele UP.png using Guid(be354e092ae8b9740a64ed1e7fa4d9f3) Importer(815301076,1909f56bfc062723c751e8b465ee728b)  -> (artifact id: 'fd96894ca47860dd7f594dbdc3014864') in 0.020948 seconds 
  Import took 0.025184 seconds .

========================================================================
Received Import Request.
  Time since last request: 0.000247 seconds.
  path: Assets/Mud bender
  artifactKey: Guid(7132e7e1612f72e4a96b09ef6027bae1) Importer(815301076,1909f56bfc062723c751e8b465ee728b)
Start importing Assets/Mud bender using Guid(7132e7e1612f72e4a96b09ef6027bae1) Importer(815301076,1909f56bfc062723c751e8b465ee728b)  -> (artifact id: '9962b6e2e04ec12e1cc05086bc5cdbf9') in 0.008564 seconds 
  Import took 0.013413 seconds .

========================================================================
Received Import Request.
  Time since last request: 122.649042 seconds.
  path: Assets/Mud bender/Mud tele UP.png
  artifactKey: Guid(be354e092ae8b9740a64ed1e7fa4d9f3) Importer(815301076,1909f56bfc062723c751e8b465ee728b)
Start importing Assets/Mud bender/Mud tele UP.png using Guid(be354e092ae8b9740a64ed1e7fa4d9f3) Importer(815301076,1909f56bfc062723c751e8b465ee728b)  -> (artifact id: 'c4a81f4ce74b20db6a73576af2f12ceb') in 0.019127 seconds 
  Import took 0.023838 seconds .

========================================================================
Received Import Request.
  Time since last request: 0.007719 seconds.
  path: Assets/Mud bender/Mud damaged and death.png
  artifactKey: Guid(fa7676d7c78774446b4d8e1fb17450e2) Importer(815301076,1909f56bfc062723c751e8b465ee728b)
Start importing Assets/Mud bender/Mud damaged and death.png using Guid(fa7676d7c78774446b4d8e1fb17450e2) Importer(815301076,1909f56bfc062723c751e8b465ee728b)  -> (artifact id: '0e1cfc572631e9e369da8a0cb507e89c') in 0.018844 seconds 
  Import took 0.024567 seconds .

========================================================================
Received Import Request.
  Time since last request: 0.000208 seconds.
  path: Assets/Mud bender/Mud slide attack.png
  artifactKey: Guid(851615f97a0daf84c97bf48e119a60e0) Importer(815301076,1909f56bfc062723c751e8b465ee728b)
Start importing Assets/Mud bender/Mud slide attack.png using Guid(851615f97a0daf84c97bf48e119a60e0) Importer(815301076,1909f56bfc062723c751e8b465ee728b)  -> (artifact id: '5efdcf6ad9170668ff70d9819f1d5666') in 0.013768 seconds 
  Import took 0.019068 seconds .

========================================================================
Received Import Request.
  Time since last request: 0.000369 seconds.
  path: Assets/Mud bender/Mud run.png
  artifactKey: Guid(0ee20de9711d34b4386d02c727025e63) Importer(815301076,1909f56bfc062723c751e8b465ee728b)
Start importing Assets/Mud bender/Mud run.png using Guid(0ee20de9711d34b4386d02c727025e63) Importer(815301076,1909f56bfc062723c751e8b465ee728b)  -> (artifact id: '3f4b829c18b9d860fab6ddc9c02caf07') in 0.014365 seconds 
  Import took 0.019528 seconds .

========================================================================
Received Import Request.
  Time since last request: 0.000262 seconds.
  path: Assets/Mud bender/Mud mud slap attack.png
  artifactKey: Guid(a5e14acb9a14870439daa922c889d3cf) Importer(815301076,1909f56bfc062723c751e8b465ee728b)
Start importing Assets/Mud bender/Mud mud slap attack.png using Guid(a5e14acb9a14870439daa922c889d3cf) Importer(815301076,1909f56bfc062723c751e8b465ee728b)  -> (artifact id: '563c917c1eda6b89d68f5e748e6aac12') in 0.037824 seconds 
  Import took 0.044618 seconds .

========================================================================
Received Import Request.
  Time since last request: 0.000264 seconds.
  path: Assets/Mud bender/Mud tele down.png
  artifactKey: Guid(9f277a24b5c29d54981bdc51addd8880) Importer(815301076,1909f56bfc062723c751e8b465ee728b)
Start importing Assets/Mud bender/Mud tele down.png using Guid(9f277a24b5c29d54981bdc51addd8880) Importer(815301076,1909f56bfc062723c751e8b465ee728b)  -> (artifact id: 'c7681f1da2d4c39456ad929b8cf7c71b') in 0.017350 seconds 
  Import took 0.021804 seconds .

========================================================================
Received Import Request.
  Time since last request: 3.735095 seconds.
  path: Assets/Mud bender/Mud damaged and death.png
  artifactKey: Guid(fa7676d7c78774446b4d8e1fb17450e2) Importer(815301076,1909f56bfc062723c751e8b465ee728b)
Start importing Assets/Mud bender/Mud damaged and death.png using Guid(fa7676d7c78774446b4d8e1fb17450e2) Importer(815301076,1909f56bfc062723c751e8b465ee728b)  -> (artifact id: '3f0a3da5750c9dd7c36f019aaa4ad6c3') in 0.014694 seconds 
  Import took 0.019158 seconds .

========================================================================
Received Import Request.
  Time since last request: 0.000268 seconds.
  path: Assets/Mud bender/Mud slide attack.png
  artifactKey: Guid(851615f97a0daf84c97bf48e119a60e0) Importer(815301076,1909f56bfc062723c751e8b465ee728b)
Start importing Assets/Mud bender/Mud slide attack.png using Guid(851615f97a0daf84c97bf48e119a60e0) Importer(815301076,1909f56bfc062723c751e8b465ee728b)  -> (artifact id: 'a664612fe9cf5789bb8577ed54300ee6') in 0.011904 seconds 
  Import took 0.016358 seconds .

========================================================================
Received Import Request.
  Time since last request: 0.000347 seconds.
  path: Assets/Mud bender/Mud run.png
  artifactKey: Guid(0ee20de9711d34b4386d02c727025e63) Importer(815301076,1909f56bfc062723c751e8b465ee728b)
Start importing Assets/Mud bender/Mud run.png using Guid(0ee20de9711d34b4386d02c727025e63) Importer(815301076,1909f56bfc062723c751e8b465ee728b)  -> (artifact id: '79a6e085d96487699a2f9f67df01f890') in 0.019289 seconds 
  Import took 0.024342 seconds .

========================================================================
Received Import Request.
  Time since last request: 0.000351 seconds.
  path: Assets/Mud bender/Mud mud slap attack.png
  artifactKey: Guid(a5e14acb9a14870439daa922c889d3cf) Importer(815301076,1909f56bfc062723c751e8b465ee728b)
Start importing Assets/Mud bender/Mud mud slap attack.png using Guid(a5e14acb9a14870439daa922c889d3cf) Importer(815301076,1909f56bfc062723c751e8b465ee728b)  -> (artifact id: 'fdba2c58e28d047f6893474f942a4cc1') in 0.012862 seconds 
  Import took 0.017226 seconds .

========================================================================
Received Import Request.
  Time since last request: 0.000366 seconds.
  path: Assets/Mud bender/Mud tele down.png
  artifactKey: Guid(9f277a24b5c29d54981bdc51addd8880) Importer(815301076,1909f56bfc062723c751e8b465ee728b)
Start importing Assets/Mud bender/Mud tele down.png using Guid(9f277a24b5c29d54981bdc51addd8880) Importer(815301076,1909f56bfc062723c751e8b465ee728b)  -> (artifact id: 'eab3c11850b10b86aeae440167daa349') in 0.016607 seconds 
  Import took 0.021589 seconds .

========================================================================
Received Import Request.
  Time since last request: 0.000298 seconds.
  path: Assets/Mud bender/Mud tele UP.png
  artifactKey: Guid(be354e092ae8b9740a64ed1e7fa4d9f3) Importer(815301076,1909f56bfc062723c751e8b465ee728b)
Start importing Assets/Mud bender/Mud tele UP.png using Guid(be354e092ae8b9740a64ed1e7fa4d9f3) Importer(815301076,1909f56bfc062723c751e8b465ee728b)  -> (artifact id: '9059c515212a865ca1757b87b2c49e7d') in 0.012755 seconds 
  Import took 0.017248 seconds .

========================================================================
Received Import Request.
  Time since last request: 45.649807 seconds.
  path: Assets/Mud bender/Mud run.png
  artifactKey: Guid(0ee20de9711d34b4386d02c727025e63) Importer(815301076,1909f56bfc062723c751e8b465ee728b)
Start importing Assets/Mud bender/Mud run.png using Guid(0ee20de9711d34b4386d02c727025e63) Importer(815301076,1909f56bfc062723c751e8b465ee728b)  -> (artifact id: '37e92f7f8b043f563ca93fee3997e506') in 0.040774 seconds 
  Import took 0.045023 seconds .

========================================================================
Received Import Request.
  Time since last request: 42.253294 seconds.
  path: Assets/Mud bender/Mud run.png
  artifactKey: Guid(0ee20de9711d34b4386d02c727025e63) Importer(815301076,1909f56bfc062723c751e8b465ee728b)
Start importing Assets/Mud bender/Mud run.png using Guid(0ee20de9711d34b4386d02c727025e63) Importer(815301076,1909f56bfc062723c751e8b465ee728b)  -> (artifact id: '27ab8832c07eb3725c8f987151719ff8') in 0.043172 seconds 
  Import took 0.050031 seconds .

========================================================================
Received Import Request.
  Time since last request: 23.009340 seconds.
  path: Assets/Mud bender/Mud damaged and death.png
  artifactKey: Guid(fa7676d7c78774446b4d8e1fb17450e2) Importer(815301076,1909f56bfc062723c751e8b465ee728b)
Start importing Assets/Mud bender/Mud damaged and death.png using Guid(fa7676d7c78774446b4d8e1fb17450e2) Importer(815301076,1909f56bfc062723c751e8b465ee728b)  -> (artifact id: 'f64c0f758723a0a987bc8aa84042912c') in 0.009227 seconds 
  Import took 0.014921 seconds .

========================================================================
Received Import Request.
  Time since last request: 0.000335 seconds.
  path: Assets/Mud bender/Mud slide attack.png
  artifactKey: Guid(851615f97a0daf84c97bf48e119a60e0) Importer(815301076,1909f56bfc062723c751e8b465ee728b)
Start importing Assets/Mud bender/Mud slide attack.png using Guid(851615f97a0daf84c97bf48e119a60e0) Importer(815301076,1909f56bfc062723c751e8b465ee728b)  -> (artifact id: 'c36f77f34fa081b3ff64d463c259a402') in 0.010294 seconds 
  Import took 0.016256 seconds .

========================================================================
Received Import Request.
  Time since last request: 0.000330 seconds.
  path: Assets/Mud bender/Mud mud slap attack.png
  artifactKey: Guid(a5e14acb9a14870439daa922c889d3cf) Importer(815301076,1909f56bfc062723c751e8b465ee728b)
Start importing Assets/Mud bender/Mud mud slap attack.png using Guid(a5e14acb9a14870439daa922c889d3cf) Importer(815301076,1909f56bfc062723c751e8b465ee728b)  -> (artifact id: 'a71e09048553b54d22e85d66cfa433f9') in 0.010353 seconds 
  Import took 0.014711 seconds .

========================================================================
Received Import Request.
  Time since last request: 0.000394 seconds.
  path: Assets/Mud bender/Mud tele down.png
  artifactKey: Guid(9f277a24b5c29d54981bdc51addd8880) Importer(815301076,1909f56bfc062723c751e8b465ee728b)
Start importing Assets/Mud bender/Mud tele down.png using Guid(9f277a24b5c29d54981bdc51addd8880) Importer(815301076,1909f56bfc062723c751e8b465ee728b)  -> (artifact id: 'f2012fb674b5d04aaac3c7af0edd848b') in 0.013453 seconds 
  Import took 0.018194 seconds .

========================================================================
Received Import Request.
  Time since last request: 0.000458 seconds.
  path: Assets/Mud bender/Mud tele UP.png
  artifactKey: Guid(be354e092ae8b9740a64ed1e7fa4d9f3) Importer(815301076,1909f56bfc062723c751e8b465ee728b)
Start importing Assets/Mud bender/Mud tele UP.png using Guid(be354e092ae8b9740a64ed1e7fa4d9f3) Importer(815301076,1909f56bfc062723c751e8b465ee728b)  -> (artifact id: '6d5f1e456edf95067c3b3d789eb4b0f7') in 0.011587 seconds 
  Import took 0.016249 seconds .

========================================================================
Received Import Request.
  Time since last request: 27.944384 seconds.
  path: Assets/Player
  artifactKey: Guid(b1c1966d958a8424883c252f988b0e42) Importer(815301076,1909f56bfc062723c751e8b465ee728b)
Start importing Assets/Player using Guid(b1c1966d958a8424883c252f988b0e42) Importer(815301076,1909f56bfc062723c751e8b465ee728b)  -> (artifact id: '8b416c99e8a817542265dbde0775999c') in 0.008227 seconds 
  Import took 0.015064 seconds .

========================================================================
Received Import Request.
  Time since last request: 0.001951 seconds.
  path: Assets/Player
  artifactKey: Guid(b1c1966d958a8424883c252f988b0e42) Importer(815301076,1909f56bfc062723c751e8b465ee728b)
Start importing Assets/Player using Guid(b1c1966d958a8424883c252f988b0e42) Importer(815301076,1909f56bfc062723c751e8b465ee728b)  -> (artifact id: '8b416c99e8a817542265dbde0775999c') in 0.003138 seconds 
  Import took 0.008017 seconds .

========================================================================
Received Import Request.
  Time since last request: 1.647965 seconds.
  path: Assets/Player/New Animation.anim
  artifactKey: Guid(bc38e49e5913c6b41bda4ffe92c412ff) Importer(815301076,1909f56bfc062723c751e8b465ee728b)
Start importing Assets/Player/New Animation.anim using Guid(bc38e49e5913c6b41bda4ffe92c412ff) Importer(815301076,1909f56bfc062723c751e8b465ee728b)  -> (artifact id: '9092ebe4fc7ed0366fa9c944f4a29d99') in 0.010148 seconds 
  Import took 0.013896 seconds .

========================================================================
Received Import Request.
  Time since last request: 0.002028 seconds.
  path: Assets/Player/New Animation.anim
  artifactKey: Guid(bc38e49e5913c6b41bda4ffe92c412ff) Importer(815301076,1909f56bfc062723c751e8b465ee728b)
Start importing Assets/Player/New Animation.anim using Guid(bc38e49e5913c6b41bda4ffe92c412ff) Importer(815301076,1909f56bfc062723c751e8b465ee728b)  -> (artifact id: '9092ebe4fc7ed0366fa9c944f4a29d99') in 0.005191 seconds 
  Import took 0.009693 seconds .

========================================================================
Received Import Request.
  Time since last request: 0.329128 seconds.
  path: Assets/Player/Mud run_0.controller
  artifactKey: Guid(bf0fdb85bea960842a54ae7353ad4e5f) Importer(815301076,1909f56bfc062723c751e8b465ee728b)
Start importing Assets/Player/Mud run_0.controller using Guid(bf0fdb85bea960842a54ae7353ad4e5f) Importer(815301076,1909f56bfc062723c751e8b465ee728b)  -> (artifact id: 'db8bc52383badb9d9e42ce4566bae02b') in 0.011464 seconds 
  Import took 0.015614 seconds .

========================================================================
Received Import Request.
  Time since last request: 5.776506 seconds.
  path: Assets/Player/Player.controller
  artifactKey: Guid(bf0fdb85bea960842a54ae7353ad4e5f) Importer(815301076,1909f56bfc062723c751e8b465ee728b)
Start importing Assets/Player/Player.controller using Guid(bf0fdb85bea960842a54ae7353ad4e5f) Importer(815301076,1909f56bfc062723c751e8b465ee728b)  -> (artifact id: '787a2aa78c5f0371a6eb476da7ab028f') in 0.004659 seconds 
  Import took 0.008979 seconds .

========================================================================
Received Import Request.
  Time since last request: 4.276684 seconds.
  path: Assets/Player/Run.anim
  artifactKey: Guid(bc38e49e5913c6b41bda4ffe92c412ff) Importer(815301076,1909f56bfc062723c751e8b465ee728b)
Start importing Assets/Player/Run.anim using Guid(bc38e49e5913c6b41bda4ffe92c412ff) Importer(815301076,1909f56bfc062723c751e8b465ee728b)  -> (artifact id: 'e393a74025abeeb635d2427e4e1d1544') in 0.009673 seconds 
  Import took 0.014289 seconds .

========================================================================
Received Import Request.
  Time since last request: 27.320349 seconds.
  path: Assets/Mud bender/Mud mud slap attack.png
  artifactKey: Guid(a5e14acb9a14870439daa922c889d3cf) Importer(815301076,1909f56bfc062723c751e8b465ee728b)
Start importing Assets/Mud bender/Mud mud slap attack.png using Guid(a5e14acb9a14870439daa922c889d3cf) Importer(815301076,1909f56bfc062723c751e8b465ee728b)  -> (artifact id: 'e4aadf836f11e45d4c501ab19a3d25bf') in 0.070903 seconds 
  Import took 0.075659 seconds .

========================================================================
Received Import Request.
  Time since last request: 217.852023 seconds.
  path: Assets/Mud bender/Mud slide attack.png
  artifactKey: Guid(851615f97a0daf84c97bf48e119a60e0) Importer(815301076,1909f56bfc062723c751e8b465ee728b)
Start importing Assets/Mud bender/Mud slide attack.png using Guid(851615f97a0daf84c97bf48e119a60e0) Importer(815301076,1909f56bfc062723c751e8b465ee728b)  -> (artifact id: 'cfa963f6f40f6fc242f184897e13dbd3') in 0.056688 seconds 
  Import took 0.060838 seconds .

========================================================================
Received Import Request.
  Time since last request: 120.018414 seconds.
  path: Assets/Mud bender/Mud tele down.png
  artifactKey: Guid(9f277a24b5c29d54981bdc51addd8880) Importer(815301076,1909f56bfc062723c751e8b465ee728b)
Start importing Assets/Mud bender/Mud tele down.png using Guid(9f277a24b5c29d54981bdc51addd8880) Importer(815301076,1909f56bfc062723c751e8b465ee728b)  -> (artifact id: '30caa58d35c27c08fe6aa4d44f577ec2') in 0.048642 seconds 
  Import took 0.052693 seconds .

AssetImportWorkerClient::OnTransportError - code=2 error=End of file
